TN:
SF:script/DeployDZapNftStake.s.sol
FN:14,DeployDZapNftStake.run
FNDA:16,DeployDZapNftStake.run
DA:15,16
DA:16,16
DA:17,16
DA:20,16
DA:21,16
DA:22,16
DA:25,16
DA:26,16
DA:27,16
DA:30,16
DA:31,16
DA:32,16
DA:34,16
DA:35,16
FNF:1
FNH:1
LF:14
LH:14
BRF:0
BRH:0
end_of_record
TN:
SF:script/HelperConfig.s.sol
FN:15,HelperConfig.
FNDA:0,HelperConfig.
DA:16,0
BRDA:16,0,0,-
BRDA:16,0,1,-
DA:17,0
DA:19,0
FN:23,HelperConfig.getTestnetConfig
FNDA:0,HelperConfig.getTestnetConfig
DA:24,0
FN:27,HelperConfig.getAnvilConfig
FNDA:0,HelperConfig.getAnvilConfig
DA:28,0
FNF:3
FNH:0
LF:5
LH:0
BRF:2
BRH:0
end_of_record
TN:
SF:src/DZapNft.sol
FN:15,DZapNft.
FNDA:0,DZapNft.
DA:16,0
FN:19,DZapNft.initialize
FNDA:16,DZapNft.initialize
DA:20,16
DA:21,16
DA:22,16
DA:23,16
FN:26,DZapNft.mintNft
FNDA:12,DZapNft.mintNft
DA:27,12
DA:28,12
FN:31,DZapNft._authorizeUpgrade
FNDA:0,DZapNft._authorizeUpgrade
FNF:4
FNH:2
LF:7
LH:6
BRF:0
BRH:0
end_of_record
TN:
SF:src/DZapNftStake.sol
FN:86,DZapNftStake.AddressMustNotZero
FNDA:4,DZapNftStake.AddressMustNotZero
DA:87,4
BRDA:87,0,0,1
BRDA:87,0,1,13
DA:88,0
FN:93,DZapNftStake.TokenIdsLengthNotZero
FNDA:4,DZapNftStake.TokenIdsLengthNotZero
DA:94,4
BRDA:94,1,0,-
BRDA:94,1,1,13
DA:95,0
FN:100,DZapNftStake.onlyWhenNotPaused
FNDA:13,DZapNftStake.onlyWhenNotPaused
DA:101,13
BRDA:101,2,0,2
BRDA:101,2,1,11
DA:102,2
FN:111,DZapNftStake.initialize
FNDA:16,DZapNftStake.initialize
DA:112,16
BRDA:112,3,0,-
BRDA:112,3,1,16
DA:113,0
DA:115,16
DA:116,16
DA:117,16
DA:118,16
DA:119,16
DA:120,16
FN:127,DZapNftStake.stakeNft
FNDA:14,DZapNftStake.stakeNft
DA:133,11
DA:134,12
DA:137,12
DA:140,11
DA:153,10
FN:156,DZapNftStake.unstakeNft
FNDA:4,DZapNftStake.unstakeNft
DA:161,4
DA:162,4
DA:163,4
DA:165,4
DA:166,4
BRDA:164,4,0,-
BRDA:164,4,1,4
DA:168,4
DA:169,4
DA:170,4
DA:171,4
DA:172,4
DA:173,4
DA:176,4
BRDA:176,5,0,-
BRDA:176,5,1,4
DA:177,0
FN:182,DZapNftStake.withdrawNFT
FNDA:2,DZapNftStake.withdrawNFT
DA:183,2
DA:184,2
BRDA:184,6,0,-
BRDA:184,6,1,1
DA:185,2
DA:186,2
BRDA:186,7,0,1
BRDA:186,7,1,1
DA:187,1
DA:191,1
DA:192,1
DA:195,1
DA:196,1
FN:200,DZapNftStake.claimRewards
FNDA:4,DZapNftStake.claimRewards
DA:202,4
DA:203,4
DA:204,4
DA:205,4
DA:207,4
BRDA:207,8,0,1
BRDA:207,8,1,3
DA:208,1
DA:211,3
DA:212,3
DA:213,3
DA:216,3
BRDA:216,9,0,1
BRDA:216,9,1,2
DA:217,1
DA:219,2
DA:220,2
DA:222,2
FN:225,DZapNftStake.pauseStaking
FNDA:3,DZapNftStake.pauseStaking
DA:226,2
FN:229,DZapNftStake.unpauseStaking
FNDA:1,DZapNftStake.unpauseStaking
DA:230,1
FN:233,DZapNftStake.setRewardRate
FNDA:1,DZapNftStake.setRewardRate
DA:234,1
FN:240,DZapNftStake._findStakedNftIndex
FNDA:2,DZapNftStake._findStakedNftIndex
DA:241,2
DA:242,2
BRDA:242,10,0,2
BRDA:242,10,1,-
DA:243,2
DA:246,0
FN:249,DZapNftStake._calculateRewards
FNDA:3,DZapNftStake._calculateRewards
DA:250,3
DA:251,3
DA:252,3
BRDA:252,11,0,1
BRDA:252,11,1,2
DA:253,1
DA:257,1
DA:259,2
DA:261,2
FN:286,DZapNftStake._authorizeUpgrade
FNDA:0,DZapNftStake._authorizeUpgrade
FN:291,DZapNftStake.getUserStakedNftData
FNDA:4,DZapNftStake.getUserStakedNftData
DA:292,4
FN:295,DZapNftStake.getStakingStatus
FNDA:1,DZapNftStake.getStakingStatus
DA:296,1
FN:299,DZapNftStake.getRewardRate
FNDA:2,DZapNftStake.getRewardRate
DA:300,2
FNF:17
FNH:16
LF:72
LH:67
BRF:24
BRH:18
end_of_record
TN:
SF:src/DZapRewardToken.sol
FN:11,DZapRewardToken.
FNDA:0,DZapRewardToken.
DA:12,0
FN:15,DZapRewardToken.initialize
FNDA:16,DZapRewardToken.initialize
DA:16,16
DA:17,16
DA:18,16
FN:21,DZapRewardToken.mint
FNDA:2,DZapRewardToken.mint
DA:22,2
FN:25,DZapRewardToken._authorizeUpgrade
FNDA:0,DZapRewardToken._authorizeUpgrade
FNF:4
FNH:2
LF:5
LH:4
BRF:0
BRH:0
end_of_record
