TN:
SF:script/DeployDZapNftStake.s.sol
FN:13,DeployDZapNftStake.run
FNDA:13,DeployDZapNftStake.run
DA:14,13
DA:17,13
DA:18,13
DA:19,13
DA:22,13
DA:23,13
DA:24,13
DA:27,13
DA:28,13
DA:29,13
DA:31,13
DA:32,13
FNF:1
FNH:1
LF:12
LH:12
BRF:0
BRH:0
end_of_record
TN:
SF:src/DZapNft.sol
FN:15,DZapNft.
FNDA:0,DZapNft.
DA:16,0
FN:19,DZapNft.initialize
FNDA:13,DZapNft.initialize
DA:20,13
DA:21,13
DA:22,13
DA:23,13
FN:26,DZapNft.mintNft
FNDA:10,DZapNft.mintNft
DA:27,10
DA:28,10
FN:31,DZapNft._authorizeUpgrade
FNDA:0,DZapNft._authorizeUpgrade
FNF:4
FNH:2
LF:7
LH:6
BRF:0
BRH:0
end_of_record
TN:
SF:src/DZapNftStake.sol
FN:82,DZapNftStake.AddressMustNotZero
FNDA:5,DZapNftStake.AddressMustNotZero
DA:83,5
BRDA:83,0,0,1
BRDA:83,0,1,10
DA:84,0
FN:89,DZapNftStake.TokenIdsLengthNotZero
FNDA:5,DZapNftStake.TokenIdsLengthNotZero
DA:90,5
BRDA:90,1,0,-
BRDA:90,1,1,10
DA:91,0
FN:96,DZapNftStake.onlyWhenNotPaused
FNDA:10,DZapNftStake.onlyWhenNotPaused
DA:97,10
BRDA:97,2,0,2
BRDA:97,2,1,8
DA:98,2
FN:107,DZapNftStake.initialize
FNDA:13,DZapNftStake.initialize
DA:108,13
BRDA:108,3,0,-
BRDA:108,3,1,13
DA:109,0
DA:111,13
DA:112,13
DA:113,13
DA:114,13
DA:115,13
DA:116,13
FN:123,DZapNftStake.stakeNft
FNDA:11,DZapNftStake.stakeNft
DA:129,8
DA:130,8
DA:133,8
DA:136,7
DA:147,7
FN:150,DZapNftStake.unstakeNft
FNDA:5,DZapNftStake.unstakeNft
DA:155,5
DA:156,5
DA:157,5
DA:159,5
DA:160,5
BRDA:158,4,0,-
BRDA:158,4,1,5
DA:162,5
DA:163,5
DA:164,5
DA:165,5
DA:166,5
DA:169,5
BRDA:169,5,0,-
BRDA:169,5,1,5
DA:170,0
FN:175,DZapNftStake.withdrawNFT
FNDA:2,DZapNftStake.withdrawNFT
DA:176,2
DA:177,2
BRDA:177,6,0,-
BRDA:177,6,1,1
DA:178,2
DA:179,2
BRDA:179,7,0,1
BRDA:179,7,1,1
DA:180,1
DA:184,1
DA:185,1
DA:188,1
DA:189,1
FN:193,DZapNftStake.claimRewards
FNDA:1,DZapNftStake.claimRewards
DA:194,1
DA:196,1
BRDA:196,8,0,-
BRDA:196,8,1,1
DA:197,0
DA:199,1
DA:200,1
DA:202,1
FN:205,DZapNftStake.pauseStaking
FNDA:3,DZapNftStake.pauseStaking
DA:206,2
FN:209,DZapNftStake.unpauseStaking
FNDA:1,DZapNftStake.unpauseStaking
DA:210,1
FN:213,DZapNftStake.setRewardRate
FNDA:1,DZapNftStake.setRewardRate
DA:214,1
FN:220,DZapNftStake._findStakedNftIndex
FNDA:2,DZapNftStake._findStakedNftIndex
DA:221,2
DA:222,2
BRDA:222,9,0,2
BRDA:222,9,1,-
DA:223,2
DA:226,0
FN:229,DZapNftStake._calculateRewards
FNDA:1,DZapNftStake._calculateRewards
DA:230,1
DA:231,1
DA:232,1
DA:234,1
BRDA:234,10,0,-
BRDA:234,10,1,1
DA:235,0
DA:237,1
BRDA:237,11,0,-
BRDA:237,11,1,1
DA:238,1
DA:239,1
DA:240,1
DA:244,1
FN:247,DZapNftStake._authorizeUpgrade
FNDA:0,DZapNftStake._authorizeUpgrade
FN:252,DZapNftStake.getUserStakedNftData
FNDA:3,DZapNftStake.getUserStakedNftData
DA:253,3
FN:256,DZapNftStake.getStakingStatus
FNDA:1,DZapNftStake.getStakingStatus
DA:257,1
FN:260,DZapNftStake.getRewardRate
FNDA:1,DZapNftStake.getRewardRate
DA:261,1
FNF:17
FNH:16
LF:66
LH:59
BRF:24
BRH:15
end_of_record
TN:
SF:src/DZapRewardToken.sol
FN:11,DZapRewardToken.
FNDA:0,DZapRewardToken.
DA:12,0
FN:15,DZapRewardToken.initialize
FNDA:13,DZapRewardToken.initialize
DA:16,13
DA:17,13
DA:18,13
FN:21,DZapRewardToken.mint
FNDA:1,DZapRewardToken.mint
DA:22,1
FN:25,DZapRewardToken._authorizeUpgrade
FNDA:0,DZapRewardToken._authorizeUpgrade
FNF:4
FNH:2
LF:5
LH:4
BRF:0
BRH:0
end_of_record
